SF:lib/core/helpers/repositories/auth_repository.dart
DA:13,0
DA:15,0
DA:19,0
DA:20,0
DA:22,0
DA:23,0
DA:28,0
DA:33,0
DA:35,0
DA:37,0
DA:38,0
DA:40,0
DA:41,0
DA:44,0
DA:49,0
DA:51,0
DA:53,0
DA:54,0
DA:55,0
DA:59,0
DA:60,0
DA:61,0
DA:64,0
DA:69,0
DA:71,0
DA:73,0
DA:74,0
DA:75,0
DA:76,0
DA:78,0
DA:79,0
DA:83,0
DA:85,0
DA:87,0
DA:88,0
DA:89,0
DA:92,0
DA:97,0
DA:98,0
DA:99,0
DA:100,0
LF:41
LH:0
end_of_record
SF:lib/presentation/bloc/auth_bloc.dart
DA:10,0
DA:11,0
DA:21,1
DA:23,0
DA:24,0
DA:30,1
DA:32,0
DA:33,0
DA:40,1
DA:41,1
DA:51,1
DA:53,1
DA:54,2
DA:62,1
DA:64,1
DA:65,2
DA:71,1
DA:73,1
DA:74,2
DA:83,3
DA:84,2
DA:85,2
DA:86,2
DA:87,2
DA:88,2
DA:90,1
DA:93,1
DA:97,1
DA:98,2
DA:100,1
DA:101,2
DA:102,2
DA:103,2
DA:105,2
DA:107,2
DA:111,1
DA:115,1
DA:116,2
DA:118,2
DA:119,2
DA:121,2
DA:123,2
DA:126,0
DA:127,0
DA:131,1
DA:135,1
DA:136,2
DA:138,3
DA:139,2
DA:141,2
DA:143,2
DA:146,0
DA:147,0
DA:151,1
DA:155,1
DA:156,2
DA:158,3
DA:159,1
DA:160,2
DA:162,2
DA:163,3
DA:167,1
DA:171,1
DA:172,2
DA:174,2
DA:175,2
DA:176,2
DA:178,0
DA:179,0
LF:69
LH:57
end_of_record
